# build-tree --verbose=1 --max-leaves=2000 --cluster-thresh=-1 exp/tri1/treeacc data/lang/phones/roots.int exp/tri1/questions.qst data/lang/topo exp/tri1/tree 
# Started at Wed Sep  5 09:58:32 CST 2018
#
build-tree --verbose=1 --max-leaves=2000 --cluster-thresh=-1 exp/tri1/treeacc data/lang/phones/roots.int exp/tri1/questions.qst data/lang/topo exp/tri1/tree 
LOG (build-tree[5.4.271~1-e50bd]:main():build-tree.cc:104) Number of separate statistics is 185
LOG (build-tree[5.4.271~1-e50bd]:BuildTree():build-tree.cc:161) BuildTree: before building trees, map has 22 leaves.
LOG (build-tree[5.4.271~1-e50bd]:SplitDecisionTree():build-tree-utils.cc:577) DoDecisionTreeSplit: split 71 times, #leaves now 93
LOG (build-tree[5.4.271~1-e50bd]:BuildTree():build-tree.cc:187) Setting clustering threshold to smallest split 306.015
VLOG[1] (build-tree[5.4.271~1-e50bd]:BuildTree():build-tree.cc:196) After decision tree split, num-leaves = 93, like-impr = 5.51002 per frame over 20772 frames.
VLOG[1] (build-tree[5.4.271~1-e50bd]:BuildTree():build-tree.cc:200) Including just phones that were split, improvement is 5.51002 per frame over 20772 frames.
LOG (build-tree[5.4.271~1-e50bd]:BuildTree():build-tree.cc:215) BuildTree: removed 4 leaves.
VLOG[1] (build-tree[5.4.271~1-e50bd]:ClusterEventMapToNClustersRestrictedByMap():build-tree-utils.cc:916) Number of non-empty clusters in map = 21
VLOG[1] (build-tree[5.4.271~1-e50bd]:ClusterEventMapToNClustersRestrictedByMap():build-tree-utils.cc:917) Number of non-empty clusters = 88
LOG (build-tree[5.4.271~1-e50bd]:BuildTree():build-tree.cc:231) BuildTree: Rounded num leaves to multiple of 8 by removing 1 leaves.
VLOG[1] (build-tree[5.4.271~1-e50bd]:BuildTree():build-tree.cc:256) Objf change due to clustering -0.0486412 per frame.
VLOG[1] (build-tree[5.4.271~1-e50bd]:BuildTree():build-tree.cc:259) Normalizing over only split phones, this is: -0.0486412 per frame.
VLOG[1] (build-tree[5.4.271~1-e50bd]:BuildTree():build-tree.cc:262) Num-leaves is now 88
VLOG[1] (build-tree[5.4.271~1-e50bd]:main():build-tree.cc:143) For pdf-id 1, low count 0
VLOG[1] (build-tree[5.4.271~1-e50bd]:main():build-tree.cc:143) For pdf-id 2, low count 90
VLOG[1] (build-tree[5.4.271~1-e50bd]:main():build-tree.cc:143) For pdf-id 4, low count 34
VLOG[1] (build-tree[5.4.271~1-e50bd]:main():build-tree.cc:143) For pdf-id 5, low count 55
VLOG[1] (build-tree[5.4.271~1-e50bd]:main():build-tree.cc:143) For pdf-id 6, low count 48
VLOG[1] (build-tree[5.4.271~1-e50bd]:main():build-tree.cc:143) For pdf-id 7, low count 79
VLOG[1] (build-tree[5.4.271~1-e50bd]:main():build-tree.cc:143) For pdf-id 8, low count 22
VLOG[1] (build-tree[5.4.271~1-e50bd]:main():build-tree.cc:143) For pdf-id 9, low count 92
VLOG[1] (build-tree[5.4.271~1-e50bd]:main():build-tree.cc:143) For pdf-id 11, low count 76
VLOG[1] (build-tree[5.4.271~1-e50bd]:main():build-tree.cc:143) For pdf-id 12, low count 62
VLOG[1] (build-tree[5.4.271~1-e50bd]:main():build-tree.cc:143) For pdf-id 25, low count 87
VLOG[1] (build-tree[5.4.271~1-e50bd]:main():build-tree.cc:143) For pdf-id 29, low count 76
VLOG[1] (build-tree[5.4.271~1-e50bd]:main():build-tree.cc:143) For pdf-id 30, low count 55
VLOG[1] (build-tree[5.4.271~1-e50bd]:main():build-tree.cc:143) For pdf-id 35, low count 63
VLOG[1] (build-tree[5.4.271~1-e50bd]:main():build-tree.cc:143) For pdf-id 48, low count 56
VLOG[1] (build-tree[5.4.271~1-e50bd]:main():build-tree.cc:143) For pdf-id 52, low count 60
VLOG[1] (build-tree[5.4.271~1-e50bd]:main():build-tree.cc:143) For pdf-id 53, low count 91
VLOG[1] (build-tree[5.4.271~1-e50bd]:main():build-tree.cc:143) For pdf-id 55, low count 88
VLOG[1] (build-tree[5.4.271~1-e50bd]:main():build-tree.cc:143) For pdf-id 56, low count 80
VLOG[1] (build-tree[5.4.271~1-e50bd]:main():build-tree.cc:143) For pdf-id 61, low count 97
VLOG[1] (build-tree[5.4.271~1-e50bd]:main():build-tree.cc:143) For pdf-id 62, low count 52
VLOG[1] (build-tree[5.4.271~1-e50bd]:main():build-tree.cc:143) For pdf-id 72, low count 91
VLOG[1] (build-tree[5.4.271~1-e50bd]:main():build-tree.cc:143) For pdf-id 75, low count 58
VLOG[1] (build-tree[5.4.271~1-e50bd]:main():build-tree.cc:143) For pdf-id 76, low count 48
VLOG[1] (build-tree[5.4.271~1-e50bd]:main():build-tree.cc:143) For pdf-id 78, low count 83
VLOG[1] (build-tree[5.4.271~1-e50bd]:main():build-tree.cc:143) For pdf-id 80, low count 53
VLOG[1] (build-tree[5.4.271~1-e50bd]:main():build-tree.cc:143) For pdf-id 82, low count 99
VLOG[1] (build-tree[5.4.271~1-e50bd]:main():build-tree.cc:143) For pdf-id 84, low count 81
VLOG[1] (build-tree[5.4.271~1-e50bd]:main():build-tree.cc:143) For pdf-id 85, low count 58
VLOG[1] (build-tree[5.4.271~1-e50bd]:main():build-tree.cc:143) For pdf-id 86, low count 54
WARNING (build-tree[5.4.271~1-e50bd]:main():build-tree.cc:185) Saw no stats for following phones: 2 3 4 5 6 7 8 9 10 11 12 14 15 16 18 19 20 22 23 24 26 28 29 30 32 33 34 36 37 38 39 40 42 43 45 46 47 48 50 53 54 55 57 58 59 62 65 66 69 70 72 73 74 75 77 78 80 82 83 86 88 89 90 
LOG (build-tree[5.4.271~1-e50bd]:main():build-tree.cc:189) Wrote tree
# Accounting: time=0 threads=1
# Ended (code 0) at Wed Sep  5 09:58:32 CST 2018, elapsed time 0 seconds
