# gmm-init-model --write-occs=exp/tri1/1.occs exp/tri1/tree exp/tri1/treeacc data/lang/topo exp/tri1/1.mdl 
# Started at Wed Sep  5 09:58:32 CST 2018
#
gmm-init-model --write-occs=exp/tri1/1.occs exp/tri1/tree exp/tri1/treeacc data/lang/topo exp/tri1/1.mdl 
LOG (gmm-init-model[5.4.271~1-e50bd]:main():gmm-init-model.cc:271) Number of separate statistics is 185
WARNING (gmm-init-model[5.4.271~1-e50bd]:InitAmGmm():gmm-init-model.cc:55) Tree has pdf-id 1 with no stats; corresponding phone list: 6 7 8 9 10 
WARNING (gmm-init-model[5.4.271~1-e50bd]:InitAmGmm():gmm-init-model.cc:83) Very small count for state 2: 90; corresponding phone list: 11 12 13 14 
WARNING (gmm-init-model[5.4.271~1-e50bd]:InitAmGmm():gmm-init-model.cc:83) Very small count for state 4: 34; corresponding phone list: 19 20 21 22 
WARNING (gmm-init-model[5.4.271~1-e50bd]:InitAmGmm():gmm-init-model.cc:83) Very small count for state 5: 55; corresponding phone list: 23 24 25 26 
WARNING (gmm-init-model[5.4.271~1-e50bd]:InitAmGmm():gmm-init-model.cc:83) Very small count for state 6: 48; corresponding phone list: 27 28 29 30 
WARNING (gmm-init-model[5.4.271~1-e50bd]:InitAmGmm():gmm-init-model.cc:83) Very small count for state 7: 79; corresponding phone list: 31 32 33 34 
WARNING (gmm-init-model[5.4.271~1-e50bd]:InitAmGmm():gmm-init-model.cc:83) Very small count for state 8: 22; corresponding phone list: 35 36 37 38 
WARNING (gmm-init-model[5.4.271~1-e50bd]:InitAmGmm():gmm-init-model.cc:83) Very small count for state 9: 92; corresponding phone list: 39 40 41 42 
WARNING (gmm-init-model[5.4.271~1-e50bd]:InitAmGmm():gmm-init-model.cc:83) Very small count for state 11: 76; corresponding phone list: 47 48 49 50 
WARNING (gmm-init-model[5.4.271~1-e50bd]:InitAmGmm():gmm-init-model.cc:83) Very small count for state 12: 62; corresponding phone list: 51 52 53 54 
WARNING (gmm-init-model[5.4.271~1-e50bd]:InitAmGmm():gmm-init-model.cc:83) Very small count for state 25: 87; corresponding phone list: 51 52 53 54 
WARNING (gmm-init-model[5.4.271~1-e50bd]:InitAmGmm():gmm-init-model.cc:83) Very small count for state 29: 76; corresponding phone list: 59 60 61 62 
WARNING (gmm-init-model[5.4.271~1-e50bd]:InitAmGmm():gmm-init-model.cc:83) Very small count for state 30: 55; corresponding phone list: 39 40 41 42 
WARNING (gmm-init-model[5.4.271~1-e50bd]:InitAmGmm():gmm-init-model.cc:83) Very small count for state 35: 63; corresponding phone list: 87 88 89 90 
WARNING (gmm-init-model[5.4.271~1-e50bd]:InitAmGmm():gmm-init-model.cc:83) Very small count for state 48: 56; corresponding phone list: 39 40 41 42 
WARNING (gmm-init-model[5.4.271~1-e50bd]:InitAmGmm():gmm-init-model.cc:83) Very small count for state 52: 60; corresponding phone list: 67 68 69 70 
WARNING (gmm-init-model[5.4.271~1-e50bd]:InitAmGmm():gmm-init-model.cc:83) Very small count for state 53: 91; corresponding phone list: 23 24 25 26 
WARNING (gmm-init-model[5.4.271~1-e50bd]:InitAmGmm():gmm-init-model.cc:83) Very small count for state 55: 88; corresponding phone list: 83 84 85 86 
WARNING (gmm-init-model[5.4.271~1-e50bd]:InitAmGmm():gmm-init-model.cc:83) Very small count for state 56: 80; corresponding phone list: 11 12 13 14 
WARNING (gmm-init-model[5.4.271~1-e50bd]:InitAmGmm():gmm-init-model.cc:83) Very small count for state 61: 97; corresponding phone list: 63 64 65 66 
WARNING (gmm-init-model[5.4.271~1-e50bd]:InitAmGmm():gmm-init-model.cc:83) Very small count for state 62: 52; corresponding phone list: 31 32 33 34 
WARNING (gmm-init-model[5.4.271~1-e50bd]:InitAmGmm():gmm-init-model.cc:83) Very small count for state 72: 91; corresponding phone list: 31 32 33 34 
WARNING (gmm-init-model[5.4.271~1-e50bd]:InitAmGmm():gmm-init-model.cc:83) Very small count for state 75: 58; corresponding phone list: 83 84 85 86 
WARNING (gmm-init-model[5.4.271~1-e50bd]:InitAmGmm():gmm-init-model.cc:83) Very small count for state 76: 48; corresponding phone list: 19 20 21 22 
WARNING (gmm-init-model[5.4.271~1-e50bd]:InitAmGmm():gmm-init-model.cc:83) Very small count for state 78: 83; corresponding phone list: 87 88 89 90 
WARNING (gmm-init-model[5.4.271~1-e50bd]:InitAmGmm():gmm-init-model.cc:83) Very small count for state 80: 53; corresponding phone list: 31 32 33 34 
WARNING (gmm-init-model[5.4.271~1-e50bd]:InitAmGmm():gmm-init-model.cc:83) Very small count for state 82: 99; corresponding phone list: 51 52 53 54 
WARNING (gmm-init-model[5.4.271~1-e50bd]:InitAmGmm():gmm-init-model.cc:83) Very small count for state 84: 81; corresponding phone list: 39 40 41 42 
WARNING (gmm-init-model[5.4.271~1-e50bd]:InitAmGmm():gmm-init-model.cc:83) Very small count for state 85: 58; corresponding phone list: 23 24 25 26 
WARNING (gmm-init-model[5.4.271~1-e50bd]:InitAmGmm():gmm-init-model.cc:83) Very small count for state 86: 54; corresponding phone list: 59 60 61 62 
LOG (gmm-init-model[5.4.271~1-e50bd]:main():gmm-init-model.cc:306) Wrote model.
# Accounting: time=0 threads=1
# Ended (code 0) at Wed Sep  5 09:58:32 CST 2018, elapsed time 0 seconds
