# gmm-align-compiled --transition-scale=1.0 --acoustic-scale=0.1 --self-loop-scale=0.1 --beam=6 --retry-beam=24 --careful=false "gmm-boost-silence --boost=1.0 1 exp/mono/1.mdl - |" "ark:gunzip -c exp/mono/fsts.2.gz|" "ark,s,cs:apply-cmvn  --utt2spk=ark:data/train/split4/2/utt2spk scp:data/train/split4/2/cmvn.scp scp:data/train/split4/2/feats.scp ark:- | add-deltas  ark:- ark:- |" "ark,t:|gzip -c >exp/mono/ali.2.gz" 
# Started at Wed Sep  5 09:58:26 CST 2018
#
gmm-align-compiled --transition-scale=1.0 --acoustic-scale=0.1 --self-loop-scale=0.1 --beam=6 --retry-beam=24 --careful=false 'gmm-boost-silence --boost=1.0 1 exp/mono/1.mdl - |' 'ark:gunzip -c exp/mono/fsts.2.gz|' 'ark,s,cs:apply-cmvn  --utt2spk=ark:data/train/split4/2/utt2spk scp:data/train/split4/2/cmvn.scp scp:data/train/split4/2/feats.scp ark:- | add-deltas  ark:- ark:- |' 'ark,t:|gzip -c >exp/mono/ali.2.gz' 
gmm-boost-silence --boost=1.0 1 exp/mono/1.mdl - 
WARNING (gmm-boost-silence[5.4.271~1-e50bd]:main():gmm-boost-silence.cc:82) The pdfs for the silence phones may be shared by other phones (note: this probably does not matter.)
LOG (gmm-boost-silence[5.4.271~1-e50bd]:main():gmm-boost-silence.cc:93) Boosted weights for 5 pdfs, by factor of 1
LOG (gmm-boost-silence[5.4.271~1-e50bd]:main():gmm-boost-silence.cc:103) Wrote model to -
add-deltas ark:- ark:- 
apply-cmvn --utt2spk=ark:data/train/split4/2/utt2spk scp:data/train/split4/2/cmvn.scp scp:data/train/split4/2/feats.scp ark:- 
LOG (gmm-align-compiled[5.4.271~1-e50bd]:main():gmm-align-compiled.cc:127) 3_013
LOG (gmm-align-compiled[5.4.271~1-e50bd]:main():gmm-align-compiled.cc:127) 3_140
LOG (gmm-align-compiled[5.4.271~1-e50bd]:main():gmm-align-compiled.cc:127) 3_214
LOG (gmm-align-compiled[5.4.271~1-e50bd]:main():gmm-align-compiled.cc:127) 3_325
LOG (gmm-align-compiled[5.4.271~1-e50bd]:main():gmm-align-compiled.cc:127) 3_458
LOG (gmm-align-compiled[5.4.271~1-e50bd]:main():gmm-align-compiled.cc:127) 3_546
LOG (gmm-align-compiled[5.4.271~1-e50bd]:main():gmm-align-compiled.cc:127) 3_632
LOG (gmm-align-compiled[5.4.271~1-e50bd]:main():gmm-align-compiled.cc:127) 3_678
LOG (gmm-align-compiled[5.4.271~1-e50bd]:main():gmm-align-compiled.cc:127) 3_876
LOG (gmm-align-compiled[5.4.271~1-e50bd]:main():gmm-align-compiled.cc:127) 3_894
LOG (gmm-align-compiled[5.4.271~1-e50bd]:main():gmm-align-compiled.cc:127) 4_032
LOG (gmm-align-compiled[5.4.271~1-e50bd]:main():gmm-align-compiled.cc:127) 4_156
LOG (gmm-align-compiled[5.4.271~1-e50bd]:main():gmm-align-compiled.cc:127) 4_216
LOG (apply-cmvn[5.4.271~1-e50bd]:main():apply-cmvn.cc:162) Applied cepstral mean normalization to 20 utterances, errors on 0
LOG (gmm-align-compiled[5.4.271~1-e50bd]:main():gmm-align-compiled.cc:127) 4_265
LOG (gmm-align-compiled[5.4.271~1-e50bd]:main():gmm-align-compiled.cc:127) 4_519
LOG (gmm-align-compiled[5.4.271~1-e50bd]:main():gmm-align-compiled.cc:127) 4_657
LOG (gmm-align-compiled[5.4.271~1-e50bd]:main():gmm-align-compiled.cc:127) 4_785
LOG (gmm-align-compiled[5.4.271~1-e50bd]:main():gmm-align-compiled.cc:127) 4_847
LOG (gmm-align-compiled[5.4.271~1-e50bd]:main():gmm-align-compiled.cc:127) 4_947
LOG (gmm-align-compiled[5.4.271~1-e50bd]:main():gmm-align-compiled.cc:127) 4_987
LOG (gmm-align-compiled[5.4.271~1-e50bd]:main():gmm-align-compiled.cc:135) Overall log-likelihood per frame is -98.1975 over 5283 frames.
LOG (gmm-align-compiled[5.4.271~1-e50bd]:main():gmm-align-compiled.cc:137) Retried 0 out of 20 utterances.
LOG (gmm-align-compiled[5.4.271~1-e50bd]:main():gmm-align-compiled.cc:139) Done 20, errors on 0
# Accounting: time=0 threads=1
# Ended (code 0) at Wed Sep  5 09:58:26 CST 2018, elapsed time 0 seconds
