# gmm-align-compiled --transition-scale=1.0 --acoustic-scale=0.1 --self-loop-scale=0.1 --beam=10 --retry-beam=40 --careful=false "gmm-boost-silence --boost=1.0 1 exp/mono/32.mdl - |" "ark:gunzip -c exp/mono/fsts.4.gz|" "ark,s,cs:apply-cmvn  --utt2spk=ark:data/train/split4/4/utt2spk scp:data/train/split4/4/cmvn.scp scp:data/train/split4/4/feats.scp ark:- | add-deltas  ark:- ark:- |" "ark,t:|gzip -c >exp/mono/ali.4.gz" 
# Started at Wed Sep  5 09:58:30 CST 2018
#
gmm-align-compiled --transition-scale=1.0 --acoustic-scale=0.1 --self-loop-scale=0.1 --beam=10 --retry-beam=40 --careful=false 'gmm-boost-silence --boost=1.0 1 exp/mono/32.mdl - |' 'ark:gunzip -c exp/mono/fsts.4.gz|' 'ark,s,cs:apply-cmvn  --utt2spk=ark:data/train/split4/4/utt2spk scp:data/train/split4/4/cmvn.scp scp:data/train/split4/4/feats.scp ark:- | add-deltas  ark:- ark:- |' 'ark,t:|gzip -c >exp/mono/ali.4.gz' 
gmm-boost-silence --boost=1.0 1 exp/mono/32.mdl - 
WARNING (gmm-boost-silence[5.4.271~1-e50bd]:main():gmm-boost-silence.cc:82) The pdfs for the silence phones may be shared by other phones (note: this probably does not matter.)
LOG (gmm-boost-silence[5.4.271~1-e50bd]:main():gmm-boost-silence.cc:93) Boosted weights for 5 pdfs, by factor of 1
LOG (gmm-boost-silence[5.4.271~1-e50bd]:main():gmm-boost-silence.cc:103) Wrote model to -
add-deltas ark:- ark:- 
apply-cmvn --utt2spk=ark:data/train/split4/4/utt2spk scp:data/train/split4/4/cmvn.scp scp:data/train/split4/4/feats.scp ark:- 
LOG (gmm-align-compiled[5.4.271~1-e50bd]:main():gmm-align-compiled.cc:127) 7_113
LOG (gmm-align-compiled[5.4.271~1-e50bd]:main():gmm-align-compiled.cc:127) 7_123
LOG (gmm-align-compiled[5.4.271~1-e50bd]:main():gmm-align-compiled.cc:127) 7_234
LOG (gmm-align-compiled[5.4.271~1-e50bd]:main():gmm-align-compiled.cc:127) 7_291
LOG (gmm-align-compiled[5.4.271~1-e50bd]:main():gmm-align-compiled.cc:127) 7_345
LOG (gmm-align-compiled[5.4.271~1-e50bd]:main():gmm-align-compiled.cc:127) 7_415
LOG (gmm-align-compiled[5.4.271~1-e50bd]:main():gmm-align-compiled.cc:127) 7_582
LOG (gmm-align-compiled[5.4.271~1-e50bd]:main():gmm-align-compiled.cc:127) 7_753
LOG (gmm-align-compiled[5.4.271~1-e50bd]:main():gmm-align-compiled.cc:127) 7_891
LOG (gmm-align-compiled[5.4.271~1-e50bd]:main():gmm-align-compiled.cc:127) 7_967
LOG (gmm-align-compiled[5.4.271~1-e50bd]:main():gmm-align-compiled.cc:127) 8_102
LOG (gmm-align-compiled[5.4.271~1-e50bd]:main():gmm-align-compiled.cc:127) 8_132
LOG (apply-cmvn[5.4.271~1-e50bd]:main():apply-cmvn.cc:162) Applied cepstral mean normalization to 20 utterances, errors on 0
LOG (gmm-align-compiled[5.4.271~1-e50bd]:main():gmm-align-compiled.cc:127) 8_201
LOG (gmm-align-compiled[5.4.271~1-e50bd]:main():gmm-align-compiled.cc:127) 8_234
LOG (gmm-align-compiled[5.4.271~1-e50bd]:main():gmm-align-compiled.cc:127) 8_245
LOG (gmm-align-compiled[5.4.271~1-e50bd]:main():gmm-align-compiled.cc:127) 8_457
LOG (gmm-align-compiled[5.4.271~1-e50bd]:main():gmm-align-compiled.cc:127) 8_718
LOG (gmm-align-compiled[5.4.271~1-e50bd]:main():gmm-align-compiled.cc:127) 8_768
LOG (gmm-align-compiled[5.4.271~1-e50bd]:main():gmm-align-compiled.cc:127) 8_802
LOG (gmm-align-compiled[5.4.271~1-e50bd]:main():gmm-align-compiled.cc:127) 8_932
LOG (gmm-align-compiled[5.4.271~1-e50bd]:main():gmm-align-compiled.cc:135) Overall log-likelihood per frame is -81.2941 over 5390 frames.
LOG (gmm-align-compiled[5.4.271~1-e50bd]:main():gmm-align-compiled.cc:137) Retried 0 out of 20 utterances.
LOG (gmm-align-compiled[5.4.271~1-e50bd]:main():gmm-align-compiled.cc:139) Done 20, errors on 0
# Accounting: time=0 threads=1
# Ended (code 0) at Wed Sep  5 09:58:30 CST 2018, elapsed time 0 seconds
