# gmm-est --write-occs=exp/mono/7.occs --mix-up=225 --power=0.25 exp/mono/6.mdl "gmm-sum-accs - exp/mono/6.*.acc|" exp/mono/7.mdl 
# Started at Wed Sep  5 09:58:27 CST 2018
#
gmm-est --write-occs=exp/mono/7.occs --mix-up=225 --power=0.25 exp/mono/6.mdl 'gmm-sum-accs - exp/mono/6.*.acc|' exp/mono/7.mdl 
gmm-sum-accs - exp/mono/6.1.acc exp/mono/6.2.acc exp/mono/6.3.acc exp/mono/6.4.acc 
LOG (gmm-sum-accs[5.4.271~1-e50bd]:main():gmm-sum-accs.cc:63) Summed 4 stats, total count 20772, avg like/frame -90.3427
LOG (gmm-sum-accs[5.4.271~1-e50bd]:main():gmm-sum-accs.cc:66) Total count of stats is 20772
LOG (gmm-sum-accs[5.4.271~1-e50bd]:main():gmm-sum-accs.cc:67) Written stats to -
LOG (gmm-est[5.4.271~1-e50bd]:MleUpdate():transition-model.cc:517) TransitionModel::Update, objf change is 0.00060938 per frame over 20772 frames. 
LOG (gmm-est[5.4.271~1-e50bd]:MleUpdate():transition-model.cc:520) 8 probabilities floored, 211 out of 290 transition-states skipped due to insuffient data (it is normal to have some skipped.)
LOG (gmm-est[5.4.271~1-e50bd]:main():gmm-est.cc:102) Transition model update: Overall 0.00060938 log-like improvement per frame over 20772 frames.
WARNING (gmm-est[5.4.271~1-e50bd]:MleDiagGmmUpdate():mle-diag-gmm.cc:365) Gaussian has too little data but not removing it because it is the last Gaussian: i = 0, occ = 0, weight = 1
WARNING (gmm-est[5.4.271~1-e50bd]:MleDiagGmmUpdate():mle-diag-gmm.cc:365) Gaussian has too little data but not removing it because it is the last Gaussian: i = 0, occ = 0, weight = 1
WARNING (gmm-est[5.4.271~1-e50bd]:MleDiagGmmUpdate():mle-diag-gmm.cc:365) Gaussian has too little data but not removing it because it is the last Gaussian: i = 0, occ = 0, weight = 1
WARNING (gmm-est[5.4.271~1-e50bd]:MleDiagGmmUpdate():mle-diag-gmm.cc:365) Gaussian has too little data but not removing it because it is the last Gaussian: i = 0, occ = 0, weight = 1
WARNING (gmm-est[5.4.271~1-e50bd]:MleDiagGmmUpdate():mle-diag-gmm.cc:365) Gaussian has too little data but not removing it because it is the last Gaussian: i = 0, occ = 0, weight = 1
WARNING (gmm-est[5.4.271~1-e50bd]:MleDiagGmmUpdate():mle-diag-gmm.cc:365) Gaussian has too little data but not removing it because it is the last Gaussian: i = 0, occ = 3, weight = 1
WARNING (gmm-est[5.4.271~1-e50bd]:MleDiagGmmUpdate():mle-diag-gmm.cc:365) Gaussian has too little data but not removing it because it is the last Gaussian: i = 0, occ = 1, weight = 1
LOG (gmm-est[5.4.271~1-e50bd]:MleAmDiagGmmUpdate():mle-am-diag-gmm.cc:225) 0 variance elements floored in 0 Gaussians, out of 194
LOG (gmm-est[5.4.271~1-e50bd]:MleAmDiagGmmUpdate():mle-am-diag-gmm.cc:229) Removed 0 Gaussians due to counts < --min-gaussian-occupancy=10 and --remove-low-count-gaussians=true
LOG (gmm-est[5.4.271~1-e50bd]:main():gmm-est.cc:113) GMM update: Overall 0.584215 objective function improvement per frame over 20772 frames
LOG (gmm-est[5.4.271~1-e50bd]:main():gmm-est.cc:116) GMM update: Overall avg like per frame = -90.3427 over 20772 frames.
LOG (gmm-est[5.4.271~1-e50bd]:SplitByCount():am-diag-gmm.cc:116) Split 70 states with target = 225, power = 0.25, perturb_factor = 0.01 and min_count = 20, split #Gauss from 194 to 225
LOG (gmm-est[5.4.271~1-e50bd]:main():gmm-est.cc:146) Written model to exp/mono/7.mdl
# Accounting: time=0 threads=1
# Ended (code 0) at Wed Sep  5 09:58:27 CST 2018, elapsed time 0 seconds
