# gmm-est --write-occs=exp/mono/26.occs --mix-up=814 --power=0.25 exp/mono/25.mdl "gmm-sum-accs - exp/mono/25.*.acc|" exp/mono/26.mdl 
# Started at Wed Sep  5 09:58:29 CST 2018
#
gmm-est --write-occs=exp/mono/26.occs --mix-up=814 --power=0.25 exp/mono/25.mdl 'gmm-sum-accs - exp/mono/25.*.acc|' exp/mono/26.mdl 
gmm-sum-accs - exp/mono/25.1.acc exp/mono/25.2.acc exp/mono/25.3.acc exp/mono/25.4.acc 
LOG (gmm-sum-accs[5.4.271~1-e50bd]:main():gmm-sum-accs.cc:63) Summed 4 stats, total count 20772, avg like/frame -81.3663
LOG (gmm-sum-accs[5.4.271~1-e50bd]:main():gmm-sum-accs.cc:66) Total count of stats is 20772
LOG (gmm-sum-accs[5.4.271~1-e50bd]:main():gmm-sum-accs.cc:67) Written stats to -
LOG (gmm-est[5.4.271~1-e50bd]:MleUpdate():transition-model.cc:517) TransitionModel::Update, objf change is 0 per frame over 20772 frames. 
LOG (gmm-est[5.4.271~1-e50bd]:MleUpdate():transition-model.cc:520) 9 probabilities floored, 211 out of 290 transition-states skipped due to insuffient data (it is normal to have some skipped.)
LOG (gmm-est[5.4.271~1-e50bd]:main():gmm-est.cc:102) Transition model update: Overall 0 log-like improvement per frame over 20772 frames.
WARNING (gmm-est[5.4.271~1-e50bd]:MleDiagGmmUpdate():mle-diag-gmm.cc:365) Gaussian has too little data but not removing it because it is the last Gaussian: i = 0, occ = 0, weight = 1
WARNING (gmm-est[5.4.271~1-e50bd]:MleDiagGmmUpdate():mle-diag-gmm.cc:365) Gaussian has too little data but not removing it because it is the last Gaussian: i = 0, occ = 0, weight = 1
WARNING (gmm-est[5.4.271~1-e50bd]:MleDiagGmmUpdate():mle-diag-gmm.cc:365) Gaussian has too little data but not removing it because it is the last Gaussian: i = 0, occ = 0, weight = 1
WARNING (gmm-est[5.4.271~1-e50bd]:MleDiagGmmUpdate():mle-diag-gmm.cc:365) Gaussian has too little data but not removing it because it is the last Gaussian: i = 0, occ = 0, weight = 1
WARNING (gmm-est[5.4.271~1-e50bd]:MleDiagGmmUpdate():mle-diag-gmm.cc:365) Gaussian has too little data but not removing it because it is the last Gaussian: i = 0, occ = 0, weight = 1
WARNING (gmm-est[5.4.271~1-e50bd]:MleDiagGmmUpdate():mle-diag-gmm.cc:359) Too little data - removing Gaussian (weight 0.042847, occupation count 9.983257, vector size 39)
WARNING (gmm-est[5.4.271~1-e50bd]:MleDiagGmmUpdate():mle-diag-gmm.cc:365) Gaussian has too little data but not removing it because it is the last Gaussian: i = 0, occ = 3, weight = 1
WARNING (gmm-est[5.4.271~1-e50bd]:MleDiagGmmUpdate():mle-diag-gmm.cc:365) Gaussian has too little data but not removing it because it is the last Gaussian: i = 0, occ = 1, weight = 1
WARNING (gmm-est[5.4.271~1-e50bd]:MleDiagGmmUpdate():mle-diag-gmm.cc:359) Too little data - removing Gaussian (weight 0.026003, occupation count 9.985336, vector size 39)
WARNING (gmm-est[5.4.271~1-e50bd]:MleDiagGmmUpdate():mle-diag-gmm.cc:359) Too little data - removing Gaussian (weight 0.028929, occupation count 9.951411, vector size 39)
LOG (gmm-est[5.4.271~1-e50bd]:MleAmDiagGmmUpdate():mle-am-diag-gmm.cc:225) 2 variance elements floored in 2 Gaussians, out of 782
LOG (gmm-est[5.4.271~1-e50bd]:MleAmDiagGmmUpdate():mle-am-diag-gmm.cc:229) Removed 3 Gaussians due to counts < --min-gaussian-occupancy=10 and --remove-low-count-gaussians=true
LOG (gmm-est[5.4.271~1-e50bd]:main():gmm-est.cc:113) GMM update: Overall 0.163121 objective function improvement per frame over 20772 frames
LOG (gmm-est[5.4.271~1-e50bd]:main():gmm-est.cc:116) GMM update: Overall avg like per frame = -81.3663 over 20772 frames.
LOG (gmm-est[5.4.271~1-e50bd]:SplitByCount():am-diag-gmm.cc:116) Split 70 states with target = 814, power = 0.25, perturb_factor = 0.01 and min_count = 20, split #Gauss from 782 to 816
LOG (gmm-est[5.4.271~1-e50bd]:main():gmm-est.cc:146) Written model to exp/mono/26.mdl
# Accounting: time=0 threads=1
# Ended (code 0) at Wed Sep  5 09:58:29 CST 2018, elapsed time 0 seconds
